
----------
Test: tests/test_buy_product.py::test_buy_maxler (call)
Start time: 2024-10-02 19:21:28.805633
Start name method: authorization

End time: 2024-10-02 19:21:39.092760
End name method: authorization
URL: https://vitaminof.ru/personal/

----------

----------
Test: tests/test_buy_product.py::test_buy_maxler (call)
Start time: 2024-10-02 19:21:39.093766
Start name method: go_shoping_page

End time: 2024-10-02 19:21:43.073859
End name method: go_shoping_page
URL: https://vitaminof.ru/catalog/geynery/

----------

----------
Test: tests/test_buy_product.py::test_buy_maxler (call)
Start time: 2024-10-02 19:21:43.073859
Start name method: filter_products

End time: 2024-10-02 19:21:48.218170
End name method: filter_products
URL: https://vitaminof.ru/catalog/maxler-special-mass-gainer-5430-g/

----------

----------
Test: tests/test_buy_product.py::test_buy_maxler (call)
Start time: 2024-10-02 19:21:48.219161
Start name method: checkout_products_to_cart

End time: 2024-10-02 19:21:54.034788
End name method: checkout_products_to_cart
URL: https://vitaminof.ru/basket/

----------

----------
Test: tests/test_buy_product.py::test_buy_maxler (call)
Start time: 2024-10-02 19:21:54.034788
Start name method: check_cart_to_order

End time: 2024-10-02 19:21:59.978718
End name method: check_cart_to_order
URL: https://vitaminof.ru/order/

----------

----------
Test: tests/test_buy_product.py::test_buy_maxler (call)
Start time: 2024-10-02 19:21:59.979707
Start name method: confirm_order_info

End time: 2024-10-02 19:22:01.054962
End name method: confirm_order_info
URL: https://vitaminof.ru/order/

----------
