
----------
Test: tests/test_buy_product.py::test_buy_maxler (call)
Start time: 2024-10-07 14:28:39.667450
Start name method: authorization

End time: 2024-10-07 14:28:50.138378
End name method: authorization
URL: https://vitaminof.ru/personal/

----------

----------
Test: tests/test_buy_product.py::test_buy_maxler (call)
Start time: 2024-10-07 14:28:50.138378
Start name method: go_shoping_page

End time: 2024-10-07 14:28:54.444571
End name method: go_shoping_page
URL: https://vitaminof.ru/catalog/geynery/

----------

----------
Test: tests/test_buy_product.py::test_buy_maxler (call)
Start time: 2024-10-07 14:28:54.444571
Start name method: filter_products

End time: 2024-10-07 14:29:04.690116
End name method: filter_products
URL: https://vitaminof.ru/catalog/maxler-special-mass-gainer-5430-g/

----------

----------
Test: tests/test_buy_product.py::test_buy_maxler (call)
Start time: 2024-10-07 14:29:04.691117
Start name method: checkout_products_to_cart

End time: 2024-10-07 14:29:10.651334
End name method: checkout_products_to_cart
URL: https://vitaminof.ru/basket/

----------

----------
Test: tests/test_buy_product.py::test_buy_maxler (call)
Start time: 2024-10-07 14:29:10.652330
Start name method: check_cart_to_order

End time: 2024-10-07 14:29:13.563046
End name method: check_cart_to_order
URL: https://vitaminof.ru/order/

----------

----------
Test: tests/test_buy_product.py::test_buy_maxler (call)
Start time: 2024-10-07 14:29:13.563046
Start name method: confirm_order_info

End time: 2024-10-07 14:29:15.023976
End name method: confirm_order_info
URL: https://vitaminof.ru/order/

----------
